<?xml version="1.0" encoding="UTF-8"?>
<robot generator="Robot 5.0.1 (Python 3.10.4 on win32)" generated="20220527 21:59:30.503" rpa="false" schemaversion="3">
<suite id="s1" name="Testsuite" source="C:\Putty\Ti8MTest\Ti8MTest\testsuite.robot">
<test id="s1-t1" name="TC1 Behaviour Driven Scenario" line="12">
<kw name="Given Connected To Website" library="keywords">
<kw name="Connect" library="Ti8MLibrary">
<arg>C:/Program Files (x86)/geckodriver.exe</arg>
<arg>https://www.ti8m.com/de/career</arg>
<status status="PASS" starttime="20220527 21:59:30.672" endtime="20220527 21:59:38.483"/>
</kw>
<status status="PASS" starttime="20220527 21:59:30.672" endtime="20220527 21:59:38.483"/>
</kw>
<kw name="When The User Scrolls To Search" library="keywords">
<kw name="Load And Switch To Iframe" library="Ti8MLibrary">
<status status="PASS" starttime="20220527 21:59:38.483" endtime="20220527 21:59:42.546"/>
</kw>
<status status="PASS" starttime="20220527 21:59:38.483" endtime="20220527 21:59:42.546"/>
</kw>
<kw name="And Inputs The Word Machine" library="keywords" sourcename="Inputs The Word ${keyword}">
<kw name="Search In Field" library="Ti8MLibrary">
<arg>${keyword}</arg>
<status status="PASS" starttime="20220527 21:59:42.547" endtime="20220527 21:59:47.638"/>
</kw>
<status status="PASS" starttime="20220527 21:59:42.547" endtime="20220527 21:59:47.638"/>
</kw>
<kw name="And Selects Seniority Senior" library="keywords" sourcename="Selects Seniority ${seniority}">
<kw name="Search In Seniority" library="Ti8MLibrary">
<arg>${seniority}</arg>
<status status="PASS" starttime="20220527 21:59:47.641" endtime="20220527 21:59:52.695"/>
</kw>
<status status="PASS" starttime="20220527 21:59:47.640" endtime="20220527 21:59:52.696"/>
</kw>
<kw name="Then The Job Result Should Be Cloud Data Architect mit Flair für AI" library="keywords" sourcename="The Job Result Should Be ${expected_job}">
<kw name="List Job Results" library="Ti8MLibrary">
<status status="PASS" starttime="20220527 21:59:52.698" endtime="20220527 21:59:52.717"/>
</kw>
<kw name="Get Job Result Text" library="Ti8MLibrary">
<var>${found_job}</var>
<arg>0</arg>
<msg timestamp="20220527 21:59:52.744" level="INFO">${found_job} = Cloud Data Architect mit Flair für AI</msg>
<status status="PASS" starttime="20220527 21:59:52.718" endtime="20220527 21:59:52.744"/>
</kw>
<kw name="Should Be Equal" library="BuiltIn">
<arg>${found_job}</arg>
<arg>${expected_job}</arg>
<doc>Fails if the given objects are unequal.</doc>
<status status="PASS" starttime="20220527 21:59:52.744" endtime="20220527 21:59:52.744"/>
</kw>
<kw name="Disconnect Webdriver" library="Ti8MLibrary">
<status status="PASS" starttime="20220527 21:59:52.744" endtime="20220527 21:59:53.560"/>
</kw>
<status status="PASS" starttime="20220527 21:59:52.697" endtime="20220527 21:59:53.561"/>
</kw>
<tag>positive</tag>
<status status="PASS" starttime="20220527 21:59:30.671" endtime="20220527 21:59:53.561"/>
</test>
<test id="s1-t2" name="TC2 Behaviour Driven Performance Test" line="19">
<kw name="Given Connected To Website" library="keywords">
<kw name="Connect" library="Ti8MLibrary">
<arg>C:/Program Files (x86)/geckodriver.exe</arg>
<arg>https://www.ti8m.com/de/career</arg>
<status status="PASS" starttime="20220527 21:59:53.564" endtime="20220527 22:00:03.319"/>
</kw>
<status status="PASS" starttime="20220527 21:59:53.563" endtime="20220527 22:00:03.319"/>
</kw>
<kw name="When The User Scrolls To Search" library="keywords">
<kw name="Load And Switch To Iframe" library="Ti8MLibrary">
<status status="PASS" starttime="20220527 22:00:03.327" endtime="20220527 22:00:07.435"/>
</kw>
<status status="PASS" starttime="20220527 22:00:03.325" endtime="20220527 22:00:07.436"/>
</kw>
<kw name="And Inputs The Word Machine" library="keywords" sourcename="Inputs The Word ${keyword}">
<kw name="Search In Field" library="Ti8MLibrary">
<arg>${keyword}</arg>
<status status="PASS" starttime="20220527 22:00:07.440" endtime="20220527 22:00:12.548"/>
</kw>
<status status="PASS" starttime="20220527 22:00:07.438" endtime="20220527 22:00:12.548"/>
</kw>
<kw name="And Selects Seniority Senior" library="keywords" sourcename="Selects Seniority ${seniority}">
<kw name="Search In Seniority" library="Ti8MLibrary">
<arg>${seniority}</arg>
<status status="PASS" starttime="20220527 22:00:12.549" endtime="20220527 22:00:17.585"/>
</kw>
<status status="PASS" starttime="20220527 22:00:12.549" endtime="20220527 22:00:17.586"/>
</kw>
<kw name="Then The Job Result Should Be Cloud Data Architect mit Flair für AI" library="keywords" sourcename="The Job Result Should Be ${expected_job}">
<kw name="List Job Results" library="Ti8MLibrary">
<status status="PASS" starttime="20220527 22:00:17.590" endtime="20220527 22:00:17.622"/>
</kw>
<kw name="Get Job Result Text" library="Ti8MLibrary">
<var>${found_job}</var>
<arg>0</arg>
<msg timestamp="20220527 22:00:17.652" level="INFO">${found_job} = Cloud Data Architect mit Flair für AI</msg>
<status status="PASS" starttime="20220527 22:00:17.622" endtime="20220527 22:00:17.652"/>
</kw>
<kw name="Should Be Equal" library="BuiltIn">
<arg>${found_job}</arg>
<arg>${expected_job}</arg>
<doc>Fails if the given objects are unequal.</doc>
<status status="PASS" starttime="20220527 22:00:17.653" endtime="20220527 22:00:17.654"/>
</kw>
<kw name="Disconnect Webdriver" library="Ti8MLibrary">
<status status="PASS" starttime="20220527 22:00:17.654" endtime="20220527 22:00:18.510"/>
</kw>
<status status="PASS" starttime="20220527 22:00:17.588" endtime="20220527 22:00:18.510"/>
</kw>
<tag>positive</tag>
<status status="PASS" starttime="20220527 21:59:53.563" endtime="20220527 22:00:18.510"/>
</test>
<test id="s1-t3" name="TC3 Verify Location Consistency" line="26">
<kw name="Connect to Website" library="keywords">
<kw name="Connect" library="Ti8MLibrary">
<arg>C:/Program Files (x86)/geckodriver.exe</arg>
<arg>https://www.ti8m.com/de/career</arg>
<status status="PASS" starttime="20220527 22:00:18.512" endtime="20220527 22:00:26.150"/>
</kw>
<kw name="Allow Cookies" library="Ti8MLibrary">
<status status="PASS" starttime="20220527 22:00:26.150" endtime="20220527 22:00:26.474"/>
</kw>
<status status="PASS" starttime="20220527 22:00:18.512" endtime="20220527 22:00:26.474"/>
</kw>
<kw name="Search Keyword in Joblist" library="keywords">
<arg>Düsseldorf</arg>
<kw name="Load And Switch To Iframe" library="Ti8MLibrary">
<status status="PASS" starttime="20220527 22:00:26.475" endtime="20220527 22:00:30.518"/>
</kw>
<kw name="Search In Field" library="Ti8MLibrary">
<arg>${Keyword}</arg>
<status status="PASS" starttime="20220527 22:00:30.519" endtime="20220527 22:00:35.637"/>
</kw>
<status status="PASS" starttime="20220527 22:00:26.475" endtime="20220527 22:00:35.638"/>
</kw>
<kw name="Verify Result Location" library="keywords">
<arg>Düsseldorf</arg>
<kw name="List Job Results" library="Ti8MLibrary">
<status status="PASS" starttime="20220527 22:00:35.640" endtime="20220527 22:00:35.660"/>
</kw>
<kw name="Get Job Result Location" library="Ti8MLibrary">
<var>${found_location}</var>
<msg timestamp="20220527 22:00:35.689" level="INFO">${found_location} = Frankfurt</msg>
<status status="PASS" starttime="20220527 22:00:35.661" endtime="20220527 22:00:35.689"/>
</kw>
<kw name="Should Be Equal" library="BuiltIn">
<arg>${found_location}</arg>
<arg>${expected_location}</arg>
<doc>Fails if the given objects are unequal.</doc>
<msg timestamp="20220527 22:00:35.690" level="FAIL">Frankfurt != Düsseldorf</msg>
<status status="FAIL" starttime="20220527 22:00:35.689" endtime="20220527 22:00:35.691"/>
</kw>
<status status="FAIL" starttime="20220527 22:00:35.639" endtime="20220527 22:00:35.691"/>
</kw>
<kw name="Disconnect" library="keywords">
<status status="NOT RUN" starttime="20220527 22:00:35.692" endtime="20220527 22:00:35.692"/>
</kw>
<tag>positive</tag>
<status status="FAIL" starttime="20220527 22:00:18.511" endtime="20220527 22:00:35.693">Frankfurt != Düsseldorf</status>
</test>
<test id="s1-t4" name="TC4 Search in Field and Click Link" line="32">
<kw name="Connect to Website" library="keywords">
<kw name="Connect" library="Ti8MLibrary">
<arg>C:/Program Files (x86)/geckodriver.exe</arg>
<arg>https://www.ti8m.com/de/career</arg>
<status status="PASS" starttime="20220527 22:00:35.699" endtime="20220527 22:00:43.522"/>
</kw>
<kw name="Allow Cookies" library="Ti8MLibrary">
<status status="PASS" starttime="20220527 22:00:43.522" endtime="20220527 22:00:43.829"/>
</kw>
<status status="PASS" starttime="20220527 22:00:35.696" endtime="20220527 22:00:43.829"/>
</kw>
<kw name="Search Keyword in Joblist" library="keywords">
<arg>Machine</arg>
<kw name="Load And Switch To Iframe" library="Ti8MLibrary">
<status status="PASS" starttime="20220527 22:00:43.830" endtime="20220527 22:00:47.885"/>
</kw>
<kw name="Search In Field" library="Ti8MLibrary">
<arg>${Keyword}</arg>
<status status="PASS" starttime="20220527 22:00:47.885" endtime="20220527 22:00:52.989"/>
</kw>
<status status="PASS" starttime="20220527 22:00:43.830" endtime="20220527 22:00:52.990"/>
</kw>
<kw name="Verify Result" library="keywords">
<arg>@{EXPECTED_JOBS}</arg>
<kw name="List Job Results" library="Ti8MLibrary">
<status status="PASS" starttime="20220527 22:00:52.991" endtime="20220527 22:00:53.024"/>
</kw>
<for flavor="IN ENUMERATE">
<var>${index}</var>
<var>${expected_job}</var>
<value>@{EXPECTED_JOBS}</value>
<iter>
<var name="${index}">0</var>
<var name="${expected_job}">Software Engineer mit Flair für Machine Learning</var>
<kw name="Get Job Result Text" library="Ti8MLibrary">
<var>${found_job}</var>
<arg>${index}</arg>
<msg timestamp="20220527 22:00:53.044" level="INFO">${found_job} = Software Engineer mit Flair für Machine Learning</msg>
<status status="PASS" starttime="20220527 22:00:53.025" endtime="20220527 22:00:53.044"/>
</kw>
<kw name="Should Be Equal" library="BuiltIn">
<arg>${found_job}</arg>
<arg>${expected_job}</arg>
<doc>Fails if the given objects are unequal.</doc>
<status status="PASS" starttime="20220527 22:00:53.044" endtime="20220527 22:00:53.045"/>
</kw>
<status status="PASS" starttime="20220527 22:00:53.024" endtime="20220527 22:00:53.045"/>
</iter>
<iter>
<var name="${index}">1</var>
<var name="${expected_job}">Data Architect mit einem Flair für AI</var>
<kw name="Get Job Result Text" library="Ti8MLibrary">
<var>${found_job}</var>
<arg>${index}</arg>
<msg timestamp="20220527 22:00:53.056" level="INFO">${found_job} = Data Architect mit einem Flair für AI</msg>
<status status="PASS" starttime="20220527 22:00:53.045" endtime="20220527 22:00:53.056"/>
</kw>
<kw name="Should Be Equal" library="BuiltIn">
<arg>${found_job}</arg>
<arg>${expected_job}</arg>
<doc>Fails if the given objects are unequal.</doc>
<status status="PASS" starttime="20220527 22:00:53.057" endtime="20220527 22:00:53.057"/>
</kw>
<status status="PASS" starttime="20220527 22:00:53.045" endtime="20220527 22:00:53.057"/>
</iter>
<iter>
<var name="${index}">2</var>
<var name="${expected_job}">Cloud Data Architect mit Flair für AI</var>
<kw name="Get Job Result Text" library="Ti8MLibrary">
<var>${found_job}</var>
<arg>${index}</arg>
<msg timestamp="20220527 22:00:53.067" level="INFO">${found_job} = Cloud Data Architect mit Flair für AI</msg>
<status status="PASS" starttime="20220527 22:00:53.058" endtime="20220527 22:00:53.067"/>
</kw>
<kw name="Should Be Equal" library="BuiltIn">
<arg>${found_job}</arg>
<arg>${expected_job}</arg>
<doc>Fails if the given objects are unequal.</doc>
<status status="PASS" starttime="20220527 22:00:53.067" endtime="20220527 22:00:53.068"/>
</kw>
<status status="PASS" starttime="20220527 22:00:53.057" endtime="20220527 22:00:53.068"/>
</iter>
<status status="PASS" starttime="20220527 22:00:53.024" endtime="20220527 22:00:53.068"/>
</for>
<status status="PASS" starttime="20220527 22:00:52.991" endtime="20220527 22:00:53.069"/>
</kw>
<kw name="Click Links" library="keywords">
<for flavor="IN">
<var>${Link}</var>
<value>@{EXPECTED_JOBS}</value>
<iter>
<var name="${Link}">Software Engineer mit Flair für Machine Learning</var>
<kw name="Click Link Of Job Result" library="Ti8MLibrary">
<arg>${Link}</arg>
<status status="PASS" starttime="20220527 22:00:53.071" endtime="20220527 22:00:57.162"/>
</kw>
<status status="PASS" starttime="20220527 22:00:53.070" endtime="20220527 22:00:57.162"/>
</iter>
<iter>
<var name="${Link}">Data Architect mit einem Flair für AI</var>
<kw name="Click Link Of Job Result" library="Ti8MLibrary">
<arg>${Link}</arg>
<status status="PASS" starttime="20220527 22:00:57.162" endtime="20220527 22:01:01.383"/>
</kw>
<status status="PASS" starttime="20220527 22:00:57.162" endtime="20220527 22:01:01.383"/>
</iter>
<iter>
<var name="${Link}">Cloud Data Architect mit Flair für AI</var>
<kw name="Click Link Of Job Result" library="Ti8MLibrary">
<arg>${Link}</arg>
<status status="PASS" starttime="20220527 22:01:01.384" endtime="20220527 22:01:05.512"/>
</kw>
<status status="PASS" starttime="20220527 22:01:01.383" endtime="20220527 22:01:05.512"/>
</iter>
<status status="PASS" starttime="20220527 22:00:53.070" endtime="20220527 22:01:05.512"/>
</for>
<status status="PASS" starttime="20220527 22:00:53.069" endtime="20220527 22:01:05.513"/>
</kw>
<kw name="Disconnect" library="keywords">
<kw name="Disconnect Webdriver" library="Ti8MLibrary">
<status status="PASS" starttime="20220527 22:01:05.515" endtime="20220527 22:01:06.579"/>
</kw>
<status status="PASS" starttime="20220527 22:01:05.514" endtime="20220527 22:01:06.580"/>
</kw>
<tag>positive</tag>
<status status="PASS" starttime="20220527 22:00:35.695" endtime="20220527 22:01:06.580"/>
</test>
<doc>A test suite for valid login.

Keywords are imported from the resource file</doc>
<status status="FAIL" starttime="20220527 21:59:30.505" endtime="20220527 22:01:06.586"/>
</suite>
<statistics>
<total>
<stat pass="3" fail="1" skip="0">All Tests</stat>
</total>
<tag>
<stat pass="3" fail="1" skip="0">positive</stat>
</tag>
<suite>
<stat pass="3" fail="1" skip="0" id="s1" name="Testsuite">Testsuite</stat>
</suite>
</statistics>
<errors>
</errors>
</robot>
